Arguments: 
  C:\Program Files\nodejs\node.exe C:\Users\ludwi\AppData\Roaming\npm\node_modules\yarn\bin\yarn.js add @pixi/canvas-renderer

PATH: 
  C:\Python313\Scripts\;C:\Python313\;C:\WINDOWS\system32;C:\WINDOWS;C:\WINDOWS\System32\Wbem;C:\WINDOWS\System32\WindowsPowerShell\v1.0\;C:\WINDOWS\System32\OpenSSH\;C:\Program Files\MATLAB\R2018a\bin;C:\Program Files\dotnet\;C:\Users\ludwi\AppData\Roaming\nvm;C:\Program Files\nodejs;C:\Program Files\Git\cmd;C:\Program Files\nodejs\;C:\ProgramData\chocolatey\bin;C:\Users\ludwi\AppData\Local\Microsoft\WindowsApps;D:\Microsoft VS Code\bin;C:\Users\ludwi\AppData\Roaming\nvm;C:\Program Files\nodejs;C:\Users\ludwi\AppData\Roaming\npm

Yarn version: 
  1.22.19

Node version: 
  22.20.0

Platform: 
  win32 x64

Trace: 
  Error: EPERM: operation not permitted, unlink 'C:\Users\ludwi\workspace\rocketfying\node_modules\@rollup\rollup-win32-x64-msvc\rollup.win32-x64-msvc.node'

npm manifest: 
  {
    "name": "rocketfying",
    "version": "1.0.0",
    "main": "index.js",
    "license": "MIT",
    "type": "module",
    "scripts": {
      "dev": "vite",
      "build": "tsc && vite build",
      "preview": "vite preview"
    },
    "devDependencies": {
      "@types/react": "^18.3.23",
      "@types/react-dom": "^18.3.7",
      "typescript": "^5.2.2",
      "vite": "^5.4.0"
    },
    "dependencies": {
      "pixi.js": "^8.13.2",
      "react": "^18.2.0",
      "react-dom": "^18.2.0"
    }
  }

yarn manifest: 
  No manifest

Lockfile: 
  # THIS IS AN AUTOGENERATED FILE. DO NOT EDIT THIS FILE DIRECTLY.
  # yarn lockfile v1
  
  
  "@esbuild/win32-x64@0.21.5":
    version "0.21.5"
    resolved "https://registry.npmjs.org/@esbuild/win32-x64/-/win32-x64-0.21.5.tgz"
    integrity sha512-tQd/1efJuzPC6rCFwEvLtci/xNFcTZknmXs98FYDfGE4wP9ClFV98nyKrzJKVPMhdDnjzLhdUyMX4PsQAPjwIw==
  
  "@pixi/colord@^2.9.6":
    version "2.9.6"
  
  "@rollup/rollup-win32-x64-gnu@4.52.3":
    version "4.52.3"
    resolved "https://registry.npmjs.org/@rollup/rollup-win32-x64-gnu/-/rollup-win32-x64-gnu-4.52.3.tgz"
    integrity sha512-s0hybmlHb56mWVZQj8ra9048/WZTPLILKxcvcq+8awSZmyiSUZjjem1AhU3Tf4ZKpYhK4mg36HtHDOe8QJS5PQ==
  
  "@rollup/rollup-win32-x64-msvc@4.52.3":
    version "4.52.3"
    resolved "https://registry.npmjs.org/@rollup/rollup-win32-x64-msvc/-/rollup-win32-x64-msvc-4.52.3.tgz"
    integrity sha512-zGIbEVVXVtauFgl3MRwGWEN36P5ZGenHRMgNw88X5wEhEBpq0XrMEZwOn07+ICrwM17XO5xfMZqh0OldCH5VTA==
  
  "@types/css-font-loading-module@^0.0.12":
    version "0.0.12"
  
  "@types/earcut@^3.0.0":
    version "3.0.0"
  
  "@types/estree@1.0.8":
    version "1.0.8"
    resolved "https://registry.npmjs.org/@types/estree/-/estree-1.0.8.tgz"
    integrity sha512-dWHzHa2WqEXI/O1E9OjrocMTKJl2mSrEolh1Iomrv6U+JuNwaHXsXx9bLu5gG7BUWFIN0skIQJQ/L1rIex4X6w==
  
  "@types/prop-types@*":
    version "15.7.15"
    resolved "https://registry.npmjs.org/@types/prop-types/-/prop-types-15.7.15.tgz"
    integrity sha512-F6bEyamV9jKGAFBEmlQnesRPGOQqS2+Uwi0Em15xenOxHaf2hv6L8YCVn3rPdPJOiJfPiCnLIRyvwVaqMY3MIw==
  
  "@types/react-dom@^18.3.7":
    version "18.3.7"
    resolved "https://registry.npmjs.org/@types/react-dom/-/react-dom-18.3.7.tgz"
    integrity sha512-MEe3UeoENYVFXzoXEWsvcpg6ZvlrFNlOQ7EOsvhI3CfAXwzPfO8Qwuxd40nepsYKqyyVQnTdEfv68q91yLcKrQ==
  
  "@types/react@^18.0.0", "@types/react@^18.3.23":
    version "18.3.24"
    resolved "https://registry.npmjs.org/@types/react/-/react-18.3.24.tgz"
    integrity sha512-0dLEBsA1kI3OezMBF8nSsb7Nk19ZnsyE1LLhB8r27KbgU5H4pvuqZLdtE+aUkJVoXgTVuA+iLIwmZ0TuK4tx6A==
    dependencies:
      "@types/prop-types" "*"
      csstype "^3.0.2"
  
  "@webgpu/types@^0.1.40":
    version "0.1.65"
  
  "@xmldom/xmldom@^0.8.10":
    version "0.8.11"
  
  csstype@^3.0.2:
    version "3.1.3"
    resolved "https://registry.npmjs.org/csstype/-/csstype-3.1.3.tgz"
    integrity sha512-M1uQkMl8rQK/szD0LNhtqxIPLpimGm8sOBwU7lLnCpSbTyY3yeU1Vc7l4KT5zT4s/yOxHH5O7tIuuLOCnLADRw==
  
  earcut@^3.0.2:
    version "3.0.2"
  
  esbuild@^0.21.3:
    version "0.21.5"
    resolved "https://registry.npmjs.org/esbuild/-/esbuild-0.21.5.tgz"
    integrity sha512-mg3OPMV4hXywwpoDxu3Qda5xCKQi+vCTZq8S9J/EpkhB2HzKXq4SNFZE3+NK93JYxc8VMSep+lOUSC/RVKaBqw==
    optionalDependencies:
      "@esbuild/aix-ppc64" "0.21.5"
      "@esbuild/android-arm" "0.21.5"
      "@esbuild/android-arm64" "0.21.5"
      "@esbuild/android-x64" "0.21.5"
      "@esbuild/darwin-arm64" "0.21.5"
      "@esbuild/darwin-x64" "0.21.5"
      "@esbuild/freebsd-arm64" "0.21.5"
      "@esbuild/freebsd-x64" "0.21.5"
      "@esbuild/linux-arm" "0.21.5"
      "@esbuild/linux-arm64" "0.21.5"
      "@esbuild/linux-ia32" "0.21.5"
      "@esbuild/linux-loong64" "0.21.5"
      "@esbuild/linux-mips64el" "0.21.5"
      "@esbuild/linux-ppc64" "0.21.5"
      "@esbuild/linux-riscv64" "0.21.5"
      "@esbuild/linux-s390x" "0.21.5"
      "@esbuild/linux-x64" "0.21.5"
      "@esbuild/netbsd-x64" "0.21.5"
      "@esbuild/openbsd-x64" "0.21.5"
      "@esbuild/sunos-x64" "0.21.5"
      "@esbuild/win32-arm64" "0.21.5"
      "@esbuild/win32-ia32" "0.21.5"
      "@esbuild/win32-x64" "0.21.5"
  
  eventemitter3@^5.0.1:
    version "5.0.1"
  
  gifuct-js@^2.1.2:
    version "2.1.2"
    resolved "https://registry.npmjs.org/gifuct-js/-/gifuct-js-2.1.2.tgz"
    integrity sha512-rI2asw77u0mGgwhV3qA+OEgYqaDn5UNqgs+Bx0FGwSpuqfYn+Ir6RQY5ENNQ8SbIiG/m5gVa7CD5RriO4f4Lsg==
    dependencies:
      js-binary-schema-parser "^2.0.3"
  
  ismobilejs@^1.1.1:
    version "1.1.1"
  
  js-binary-schema-parser@^2.0.3:
    version "2.0.3"
  
  "js-tokens@^3.0.0 || ^4.0.0":
    version "4.0.0"
    resolved "https://registry.npmjs.org/js-tokens/-/js-tokens-4.0.0.tgz"
    integrity sha512-RdJUflcE3cUzKiMqQgsCu06FPu9UdIJO0beYbPhHN4k6apgJtifcoCtT9bcxOpYBtpD2kCM6Sbzg4CausW/PKQ==
  
  loose-envify@^1.1.0:
    version "1.4.0"
    resolved "https://registry.npmjs.org/loose-envify/-/loose-envify-1.4.0.tgz"
    integrity sha512-lyuxPGr/Wfhrlem2CL/UcnUc1zcqKAImBDzukY7Y5F/yQiNdko6+fRLevlw1HgMySw7f611UIY408EtxRSoK3Q==
    dependencies:
      js-tokens "^3.0.0 || ^4.0.0"
  
  nanoid@^3.3.11:
    version "3.3.11"
    resolved "https://registry.npmjs.org/nanoid/-/nanoid-3.3.11.tgz"
    integrity sha512-N8SpfPUnUp1bK+PMYW8qSWdl9U+wwNWI4QKxOYDy9JAro3WMX7p2OeVRF9v+347pnakNevPmiHhNmZ2HbFA76w==
  
  parse-svg-path@^0.1.2:
    version "0.1.2"
  
  picocolors@^1.1.1:
    version "1.1.1"
    resolved "https://registry.npmjs.org/picocolors/-/picocolors-1.1.1.tgz"
    integrity sha512-xceH2snhtb5M9liqDsmEw56le376mTZkEX/jEb/RxNFyegNul7eNslCXP9FDj/Lcu0X8KEyMceP2ntpaHrDEVA==
  
  pixi.js@^8.13.2:
    version "8.13.2"
    resolved "https://registry.npmjs.org/pixi.js/-/pixi.js-8.13.2.tgz"
    integrity sha512-9KVGZ4a99TA5SwUEWs9m5gliX6XUCS1aGc/DOPsXxpqLMDRa+FhzpT5ao9z1UwLYJkSvt3rcQs+aZXECBHSSHg==
    dependencies:
      "@pixi/colord" "^2.9.6"
      "@types/css-font-loading-module" "^0.0.12"
      "@types/earcut" "^3.0.0"
      "@webgpu/types" "^0.1.40"
      "@xmldom/xmldom" "^0.8.10"
      earcut "^3.0.2"
      eventemitter3 "^5.0.1"
      gifuct-js "^2.1.2"
      ismobilejs "^1.1.1"
      parse-svg-path "^0.1.2"
      tiny-lru "^11.4.5"
  
  postcss@^8.4.43:
    version "8.5.6"
    resolved "https://registry.npmjs.org/postcss/-/postcss-8.5.6.tgz"
    integrity sha512-3Ybi1tAuwAP9s0r1UQ2J4n5Y0G05bJkpUIO0/bI9MhwmD70S5aTWbXGBwxHrelT+XM1k6dM0pk+SwNkpTRN7Pg==
    dependencies:
      nanoid "^3.3.11"
      picocolors "^1.1.1"
      source-map-js "^1.2.1"
  
  react-dom@^18.2.0:
    version "18.3.1"
    resolved "https://registry.npmjs.org/react-dom/-/react-dom-18.3.1.tgz"
    integrity sha512-5m4nQKp+rZRb09LNH59GM4BxTh9251/ylbKIbpe7TpGxfJ+9kv6BLkLBXIjjspbgbnIBNqlI23tRnTWT0snUIw==
    dependencies:
      loose-envify "^1.1.0"
      scheduler "^0.23.2"
  
  react@^18.2.0, react@^18.3.1:
    version "18.3.1"
    resolved "https://registry.npmjs.org/react/-/react-18.3.1.tgz"
    integrity sha512-wS+hAgJShR0KhEvPJArfuPVN1+Hz1t0Y6n5jLrGQbkb4urgPE/0Rve+1kMB1v/oWgHgm4WIcV+i7F2pTVj+2iQ==
    dependencies:
      loose-envify "^1.1.0"
  
  rollup@^4.20.0:
    version "4.52.3"
    resolved "https://registry.npmjs.org/rollup/-/rollup-4.52.3.tgz"
    integrity sha512-RIDh866U8agLgiIcdpB+COKnlCreHJLfIhWC3LVflku5YHfpnsIKigRZeFfMfCc4dVcqNVfQQ5gO/afOck064A==
    dependencies:
      "@types/estree" "1.0.8"
    optionalDependencies:
      "@rollup/rollup-android-arm-eabi" "4.52.3"
      "@rollup/rollup-android-arm64" "4.52.3"
      "@rollup/rollup-darwin-arm64" "4.52.3"
      "@rollup/rollup-darwin-x64" "4.52.3"
      "@rollup/rollup-freebsd-arm64" "4.52.3"
      "@rollup/rollup-freebsd-x64" "4.52.3"
      "@rollup/rollup-linux-arm-gnueabihf" "4.52.3"
      "@rollup/rollup-linux-arm-musleabihf" "4.52.3"
      "@rollup/rollup-linux-arm64-gnu" "4.52.3"
      "@rollup/rollup-linux-arm64-musl" "4.52.3"
      "@rollup/rollup-linux-loong64-gnu" "4.52.3"
      "@rollup/rollup-linux-ppc64-gnu" "4.52.3"
      "@rollup/rollup-linux-riscv64-gnu" "4.52.3"
      "@rollup/rollup-linux-riscv64-musl" "4.52.3"
      "@rollup/rollup-linux-s390x-gnu" "4.52.3"
      "@rollup/rollup-linux-x64-gnu" "4.52.3"
      "@rollup/rollup-linux-x64-musl" "4.52.3"
      "@rollup/rollup-openharmony-arm64" "4.52.3"
      "@rollup/rollup-win32-arm64-msvc" "4.52.3"
      "@rollup/rollup-win32-ia32-msvc" "4.52.3"
      "@rollup/rollup-win32-x64-gnu" "4.52.3"
      "@rollup/rollup-win32-x64-msvc" "4.52.3"
      fsevents "~2.3.2"
  
  scheduler@^0.23.2:
    version "0.23.2"
    resolved "https://registry.npmjs.org/scheduler/-/scheduler-0.23.2.tgz"
    integrity sha512-UOShsPwz7NrMUqhR6t0hWjFduvOzbtv7toDH1/hIrfRNIDBnnBWd0CwJTGvTpngVlmwGCdP9/Zl/tVrDqcuYzQ==
    dependencies:
      loose-envify "^1.1.0"
  
  source-map-js@^1.2.1:
    version "1.2.1"
    resolved "https://registry.npmjs.org/source-map-js/-/source-map-js-1.2.1.tgz"
    integrity sha512-UXWMKhLOwVKb728IUtQPXxfYU+usdybtUrK/8uGE8CQMvrhOpwvzDBwj0QhSL7MQc7vIsISBG8VQ8+IDQxpfQA==
  
  tiny-lru@^11.4.5:
    version "11.4.5"
  
  typescript@^5.2.2:
    version "5.9.2"
    resolved "https://registry.npmjs.org/typescript/-/typescript-5.9.2.tgz"
    integrity sha512-CWBzXQrc/qOkhidw1OzBTQuYRbfyxDXJMVJ1XNwUHGROVmuaeiEm3OslpZ1RV96d7SKKjZKrSJu3+t/xlw3R9A==
  
  vite@^5.4.0:
    version "5.4.20"
    resolved "https://registry.npmjs.org/vite/-/vite-5.4.20.tgz"
    integrity sha512-j3lYzGC3P+B5Yfy/pfKNgVEg4+UtcIJcVRt2cDjIOmhLourAqPqf8P7acgxeiSgUB7E3p2P8/3gNIgDLpwzs4g==
    dependencies:
      esbuild "^0.21.3"
      postcss "^8.4.43"
      rollup "^4.20.0"
    optionalDependencies:
      fsevents "~2.3.3"
